<?xml version="1.0" encoding="UTF-8"?>
<!-- Generated by org.testng.reporters.JUnitXMLReporter -->
<testsuite hostname="HYDHTC135998L" failures="0" tests="5" name="Test" time="93.437" errors="0" timestamp="25 Jun 2019 09:56:17 GMT">
  <testcase classname="com.tests.TestCases" name="login_Test_Case_04" time="89.365"/>
  <testcase classname="com.tests.TestCases" name="login_Test_Case_02" time="92.574"/>
  <testcase classname="com.tests.TestCases" name="login_Test_Case_03" time="92.668"/>
  <testcase classname="com.tests.TestCases" name="login_Test_Case_01" time="92.737"/>
  <testcase classname="com.tests.TestCases" name="login_Test_Case_05" time="93.297"/>
</testsuite> <!-- Test -->
